{"D:\\NSBM\\Year 3\\NEW PROJECT\\syncboard-client\\src\\components\\Button.css": {"path":"D:\\NSBM\\Year 3\\NEW PROJECT\\syncboard-client\\src\\components\\Button.css","statementMap":{},"fnMap":{},"branchMap":{},"s":{},"f":{},"b":{},"meta":{"lastBranch":0,"lastFunction":0,"lastStatement":0,"seen":{},"fnNames":{}}}
,"D:\\NSBM\\Year 3\\NEW PROJECT\\syncboard-client\\src\\components\\Button.jsx": {"path":"D:\\NSBM\\Year 3\\NEW PROJECT\\syncboard-client\\src\\components\\Button.jsx","statementMap":{"0":{"start":{"line":12,"column":23},"end":{"line":12,"column":null}},"1":{"start":{"line":14,"column":2},"end":{"line":23,"column":null}}},"fnMap":{"0":{"name":"Button","decl":{"start":{"line":3,"column":9},"end":{"line":3,"column":16}},"loc":{"start":{"line":11,"column":3},"end":{"line":25,"column":null}},"line":11}},"branchMap":{"0":{"loc":{"start":{"line":5,"column":2},"end":{"line":5,"column":null}},"type":"default-arg","locations":[{"start":{"line":5,"column":12},"end":{"line":5,"column":null}}],"line":5},"1":{"loc":{"start":{"line":6,"column":2},"end":{"line":6,"column":null}},"type":"default-arg","locations":[{"start":{"line":6,"column":9},"end":{"line":6,"column":null}}],"line":6},"2":{"loc":{"start":{"line":8,"column":2},"end":{"line":8,"column":null}},"type":"default-arg","locations":[{"start":{"line":8,"column":13},"end":{"line":8,"column":null}}],"line":8},"3":{"loc":{"start":{"line":9,"column":2},"end":{"line":9,"column":null}},"type":"default-arg","locations":[{"start":{"line":9,"column":14},"end":{"line":9,"column":null}}],"line":9}},"s":{"0":6,"1":6},"f":{"0":6},"b":{"0":[6],"1":[6],"2":[6],"3":[6]},"meta":{"lastBranch":4,"lastFunction":1,"lastStatement":2,"seen":{"f:3:9:3:16":0,"b:5:12:5:Infinity":0,"b:6:9:6:Infinity":1,"b:8:13:8:Infinity":2,"b:9:14:9:Infinity":3,"s:12:23:12:Infinity":0,"s:14:2:23:Infinity":1},"fnNames":{}}}
,"D:\\NSBM\\Year 3\\NEW PROJECT\\syncboard-client\\src\\components\\TaskCard.jsx": {"path":"D:\\NSBM\\Year 3\\NEW PROJECT\\syncboard-client\\src\\components\\TaskCard.jsx","statementMap":{"0":{"start":{"line":5,"column":17},"end":{"line":5,"column":null}},"1":{"start":{"line":8,"column":61},"end":{"line":8,"column":null}},"2":{"start":{"line":9,"column":20},"end":{"line":9,"column":29}},"3":{"start":{"line":11,"column":23},"end":{"line":11,"column":null}},"4":{"start":{"line":12,"column":22},"end":{"line":12,"column":null}},"5":{"start":{"line":13,"column":23},"end":{"line":13,"column":null}},"6":{"start":{"line":15,"column":2},"end":{"line":64,"column":null}},"7":{"start":{"line":40,"column":25},"end":{"line":40,"column":null}},"8":{"start":{"line":49,"column":25},"end":{"line":49,"column":null}},"9":{"start":{"line":58,"column":25},"end":{"line":58,"column":null}}},"fnMap":{"0":{"name":"TaskCard","decl":{"start":{"line":7,"column":9},"end":{"line":7,"column":18}},"loc":{"start":{"line":7,"column":46},"end":{"line":66,"column":null}},"line":7},"1":{"name":"(anonymous_1)","decl":{"start":{"line":40,"column":10},"end":{"line":40,"column":25}},"loc":{"start":{"line":40,"column":25},"end":{"line":40,"column":null}},"line":40},"2":{"name":"(anonymous_2)","decl":{"start":{"line":49,"column":10},"end":{"line":49,"column":25}},"loc":{"start":{"line":49,"column":25},"end":{"line":49,"column":null}},"line":49},"3":{"name":"(anonymous_3)","decl":{"start":{"line":58,"column":10},"end":{"line":58,"column":25}},"loc":{"start":{"line":58,"column":25},"end":{"line":58,"column":null}},"line":58}},"branchMap":{"0":{"loc":{"start":{"line":18,"column":8},"end":{"line":18,"column":null}},"type":"cond-expr","locations":[{"start":{"line":18,"column":28},"end":{"line":18,"column":48}},{"start":{"line":18,"column":48},"end":{"line":18,"column":null}}],"line":18}},"s":{"0":1,"1":2,"2":2,"3":2,"4":2,"5":2,"6":2,"7":0,"8":0,"9":0},"f":{"0":2,"1":0,"2":0,"3":0},"b":{"0":[1,1]},"meta":{"lastBranch":1,"lastFunction":4,"lastStatement":10,"seen":{"s:5:17:5:Infinity":0,"f:7:9:7:18":0,"s:8:61:8:Infinity":1,"s:9:20:9:29":2,"s:11:23:11:Infinity":3,"s:12:22:12:Infinity":4,"s:13:23:13:Infinity":5,"s:15:2:64:Infinity":6,"b:18:28:18:48:18:48:18:Infinity":0,"f:40:10:40:25":1,"s:40:25:40:Infinity":7,"f:49:10:49:25":2,"s:49:25:49:Infinity":8,"f:58:10:58:25":3,"s:58:25:58:Infinity":9},"fnNames":{}}}
,"D:\\NSBM\\Year 3\\NEW PROJECT\\syncboard-client\\src\\context\\ThemeContext.jsx": {"path":"D:\\NSBM\\Year 3\\NEW PROJECT\\syncboard-client\\src\\context\\ThemeContext.jsx","statementMap":{"0":{"start":{"line":3,"column":21},"end":{"line":3,"column":35}},"1":{"start":{"line":6,"column":28},"end":{"line":8,"column":null}},"2":{"start":{"line":7,"column":4},"end":{"line":7,"column":null}},"3":{"start":{"line":10,"column":2},"end":{"line":19,"column":null}},"4":{"start":{"line":11,"column":4},"end":{"line":11,"column":null}},"5":{"start":{"line":12,"column":4},"end":{"line":18,"column":null}},"6":{"start":{"line":13,"column":6},"end":{"line":13,"column":null}},"7":{"start":{"line":14,"column":6},"end":{"line":14,"column":null}},"8":{"start":{"line":16,"column":6},"end":{"line":16,"column":null}},"9":{"start":{"line":17,"column":6},"end":{"line":17,"column":null}},"10":{"start":{"line":21,"column":8},"end":{"line":23,"column":null}},"11":{"start":{"line":22,"column":4},"end":{"line":22,"column":null}},"12":{"start":{"line":22,"column":24},"end":{"line":22,"column":60}},"13":{"start":{"line":25,"column":2},"end":{"line":30,"column":null}},"14":{"start":{"line":35,"column":18},"end":{"line":35,"column":null}},"15":{"start":{"line":36,"column":2},"end":{"line":38,"column":null}},"16":{"start":{"line":37,"column":4},"end":{"line":37,"column":null}},"17":{"start":{"line":39,"column":2},"end":{"line":39,"column":null}}},"fnMap":{"0":{"name":"ThemeProvider","decl":{"start":{"line":5,"column":16},"end":{"line":5,"column":30}},"loc":{"start":{"line":5,"column":44},"end":{"line":32,"column":null}},"line":5},"1":{"name":"(anonymous_1)","decl":{"start":{"line":6,"column":28},"end":{"line":6,"column":43}},"loc":{"start":{"line":6,"column":43},"end":{"line":8,"column":3}},"line":6},"2":{"name":"(anonymous_2)","decl":{"start":{"line":10,"column":2},"end":{"line":10,"column":18}},"loc":{"start":{"line":10,"column":18},"end":{"line":19,"column":5}},"line":10},"3":{"name":"(anonymous_3)","decl":{"start":{"line":21,"column":8},"end":{"line":21,"column":28}},"loc":{"start":{"line":21,"column":28},"end":{"line":23,"column":null}},"line":21},"4":{"name":"(anonymous_4)","decl":{"start":{"line":22,"column":4},"end":{"line":22,"column":14}},"loc":{"start":{"line":22,"column":24},"end":{"line":22,"column":60}},"line":22},"5":{"name":"useTheme","decl":{"start":{"line":34,"column":16},"end":{"line":34,"column":27}},"loc":{"start":{"line":34,"column":27},"end":{"line":40,"column":null}},"line":34}},"branchMap":{"0":{"loc":{"start":{"line":7,"column":11},"end":{"line":7,"column":null}},"type":"binary-expr","locations":[{"start":{"line":7,"column":11},"end":{"line":7,"column":54}},{"start":{"line":7,"column":54},"end":{"line":7,"column":null}}],"line":7},"1":{"loc":{"start":{"line":12,"column":4},"end":{"line":18,"column":null}},"type":"if","locations":[{"start":{"line":12,"column":4},"end":{"line":18,"column":null}},{"start":{"line":15,"column":11},"end":{"line":18,"column":null}}],"line":12},"2":{"loc":{"start":{"line":22,"column":24},"end":{"line":22,"column":60}},"type":"cond-expr","locations":[{"start":{"line":22,"column":43},"end":{"line":22,"column":52}},{"start":{"line":22,"column":52},"end":{"line":22,"column":60}}],"line":22},"3":{"loc":{"start":{"line":36,"column":2},"end":{"line":38,"column":null}},"type":"if","locations":[{"start":{"line":36,"column":2},"end":{"line":38,"column":null}},{"start":{},"end":{}}],"line":36}},"s":{"0":2,"1":5,"2":5,"3":5,"4":5,"5":5,"6":5,"7":5,"8":0,"9":0,"10":5,"11":0,"12":0,"13":5,"14":2,"15":2,"16":0,"17":2},"f":{"0":5,"1":5,"2":5,"3":0,"4":0,"5":2},"b":{"0":[5,2],"1":[5,0],"2":[0,0],"3":[0,2]},"meta":{"lastBranch":4,"lastFunction":6,"lastStatement":18,"seen":{"s:3:21:3:35":0,"f:5:16:5:30":0,"s:6:28:8:Infinity":1,"f:6:28:6:43":1,"s:7:4:7:Infinity":2,"b:7:11:7:54:7:54:7:Infinity":0,"s:10:2:19:Infinity":3,"f:10:2:10:18":2,"s:11:4:11:Infinity":4,"b:12:4:18:Infinity:15:11:18:Infinity":1,"s:12:4:18:Infinity":5,"s:13:6:13:Infinity":6,"s:14:6:14:Infinity":7,"s:16:6:16:Infinity":8,"s:17:6:17:Infinity":9,"s:21:8:23:Infinity":10,"f:21:8:21:28":3,"s:22:4:22:Infinity":11,"f:22:4:22:14":4,"s:22:24:22:60":12,"b:22:43:22:52:22:52:22:60":2,"s:25:2:30:Infinity":13,"f:34:16:34:27":5,"s:35:18:35:Infinity":14,"b:36:2:38:Infinity:undefined:undefined:undefined:undefined":3,"s:36:2:38:Infinity":15,"s:37:4:37:Infinity":16,"s:39:2:39:Infinity":17},"fnNames":{}}}
,"D:\\NSBM\\Year 3\\NEW PROJECT\\syncboard-client\\src\\mocks\\handlers.js": {"path":"D:\\NSBM\\Year 3\\NEW PROJECT\\syncboard-client\\src\\mocks\\handlers.js","statementMap":{"0":{"start":{"line":3,"column":24},"end":{"line":20,"column":null}},"1":{"start":{"line":6,"column":32},"end":{"line":6,"column":null}},"2":{"start":{"line":8,"column":4},"end":{"line":13,"column":null}},"3":{"start":{"line":9,"column":6},"end":{"line":12,"column":null}},"4":{"start":{"line":15,"column":4},"end":{"line":18,"column":null}}},"fnMap":{"0":{"name":"(anonymous_0)","decl":{"start":{"line":5,"column":31},"end":{"line":5,"column":38}},"loc":{"start":{"line":5,"column":54},"end":{"line":19,"column":3}},"line":5}},"branchMap":{"0":{"loc":{"start":{"line":8,"column":4},"end":{"line":13,"column":null}},"type":"if","locations":[{"start":{"line":8,"column":4},"end":{"line":13,"column":null}},{"start":{},"end":{}}],"line":8}},"s":{"0":2,"1":1,"2":1,"3":0,"4":1},"f":{"0":1},"b":{"0":[0,1]},"meta":{"lastBranch":1,"lastFunction":1,"lastStatement":5,"seen":{"s:3:24:20:Infinity":0,"f:5:31:5:38":0,"s:6:32:6:Infinity":1,"b:8:4:13:Infinity:undefined:undefined:undefined:undefined":0,"s:8:4:13:Infinity":2,"s:9:6:12:Infinity":3,"s:15:4:18:Infinity":4},"fnNames":{}}}
,"D:\\NSBM\\Year 3\\NEW PROJECT\\syncboard-client\\src\\mocks\\server.js": {"path":"D:\\NSBM\\Year 3\\NEW PROJECT\\syncboard-client\\src\\mocks\\server.js","statementMap":{"0":{"start":{"line":4,"column":22},"end":{"line":4,"column":null}}},"fnMap":{},"branchMap":{},"s":{"0":2},"f":{},"b":{},"meta":{"lastBranch":0,"lastFunction":0,"lastStatement":1,"seen":{"s:4:22:4:Infinity":0},"fnNames":{}}}
,"D:\\NSBM\\Year 3\\NEW PROJECT\\syncboard-client\\src\\pages\\LoginPage.jsx": {"path":"D:\\NSBM\\Year 3\\NEW PROJECT\\syncboard-client\\src\\pages\\LoginPage.jsx","statementMap":{"0":{"start":{"line":5,"column":28},"end":{"line":5,"column":null}},"1":{"start":{"line":6,"column":34},"end":{"line":6,"column":null}},"2":{"start":{"line":7,"column":28},"end":{"line":7,"column":null}},"3":{"start":{"line":8,"column":42},"end":{"line":8,"column":null}},"4":{"start":{"line":9,"column":19},"end":{"line":9,"column":31}},"5":{"start":{"line":11,"column":23},"end":{"line":35,"column":null}},"6":{"start":{"line":12,"column":4},"end":{"line":12,"column":null}},"7":{"start":{"line":13,"column":4},"end":{"line":13,"column":null}},"8":{"start":{"line":14,"column":4},"end":{"line":14,"column":null}},"9":{"start":{"line":16,"column":4},"end":{"line":34,"column":null}},"10":{"start":{"line":17,"column":18},"end":{"line":21,"column":null}},"11":{"start":{"line":23,"column":6},"end":{"line":27,"column":null}},"12":{"start":{"line":24,"column":21},"end":{"line":24,"column":null}},"13":{"start":{"line":24,"column":51},"end":{"line":24,"column":54}},"14":{"start":{"line":25,"column":8},"end":{"line":25,"column":null}},"15":{"start":{"line":26,"column":8},"end":{"line":26,"column":null}},"16":{"start":{"line":29,"column":6},"end":{"line":29,"column":null}},"17":{"start":{"line":31,"column":6},"end":{"line":31,"column":null}},"18":{"start":{"line":33,"column":6},"end":{"line":33,"column":null}},"19":{"start":{"line":37,"column":2},"end":{"line":75,"column":null}},"20":{"start":{"line":49,"column":29},"end":{"line":49,"column":null}},"21":{"start":{"line":61,"column":29},"end":{"line":61,"column":null}}},"fnMap":{"0":{"name":"LoginPage","decl":{"start":{"line":4,"column":9},"end":{"line":4,"column":21}},"loc":{"start":{"line":4,"column":21},"end":{"line":77,"column":null}},"line":4},"1":{"name":"(anonymous_1)","decl":{"start":{"line":11,"column":23},"end":{"line":11,"column":30}},"loc":{"start":{"line":11,"column":36},"end":{"line":35,"column":null}},"line":11},"2":{"name":"(anonymous_2)","decl":{"start":{"line":24,"column":38},"end":{"line":24,"column":51}},"loc":{"start":{"line":24,"column":51},"end":{"line":24,"column":54}},"line":24},"3":{"name":"(anonymous_3)","decl":{"start":{"line":49,"column":12},"end":{"line":49,"column":23}},"loc":{"start":{"line":49,"column":29},"end":{"line":49,"column":null}},"line":49},"4":{"name":"(anonymous_4)","decl":{"start":{"line":61,"column":12},"end":{"line":61,"column":23}},"loc":{"start":{"line":61,"column":29},"end":{"line":61,"column":null}},"line":61}},"branchMap":{"0":{"loc":{"start":{"line":23,"column":6},"end":{"line":27,"column":null}},"type":"if","locations":[{"start":{"line":23,"column":6},"end":{"line":27,"column":null}},{"start":{},"end":{}}],"line":23},"1":{"loc":{"start":{"line":25,"column":17},"end":{"line":25,"column":54}},"type":"binary-expr","locations":[{"start":{"line":25,"column":17},"end":{"line":25,"column":33}},{"start":{"line":25,"column":33},"end":{"line":25,"column":54}}],"line":25},"2":{"loc":{"start":{"line":65,"column":9},"end":{"line":68,"column":null}},"type":"binary-expr","locations":[{"start":{"line":65,"column":9},"end":{"line":65,"column":null}},{"start":{"line":66,"column":10},"end":{"line":68,"column":null}}],"line":65},"3":{"loc":{"start":{"line":72,"column":11},"end":{"line":72,"column":null}},"type":"cond-expr","locations":[{"start":{"line":72,"column":26},"end":{"line":72,"column":44}},{"start":{"line":72,"column":44},"end":{"line":72,"column":null}}],"line":72}},"s":{"0":58,"1":58,"2":58,"3":58,"4":58,"5":58,"6":2,"7":2,"8":2,"9":2,"10":2,"11":2,"12":1,"13":0,"14":1,"15":1,"16":1,"17":0,"18":2,"19":58,"20":30,"21":20},"f":{"0":58,"1":2,"2":0,"3":30,"4":20},"b":{"0":[1,1],"1":[1,0],"2":[58,1],"3":[2,56]},"meta":{"lastBranch":4,"lastFunction":5,"lastStatement":22,"seen":{"f:4:9:4:21":0,"s:5:28:5:Infinity":0,"s:6:34:6:Infinity":1,"s:7:28:7:Infinity":2,"s:8:42:8:Infinity":3,"s:9:19:9:31":4,"s:11:23:35:Infinity":5,"f:11:23:11:30":1,"s:12:4:12:Infinity":6,"s:13:4:13:Infinity":7,"s:14:4:14:Infinity":8,"s:16:4:34:Infinity":9,"s:17:18:21:Infinity":10,"b:23:6:27:Infinity:undefined:undefined:undefined:undefined":0,"s:23:6:27:Infinity":11,"s:24:21:24:Infinity":12,"f:24:38:24:51":2,"s:24:51:24:54":13,"s:25:8:25:Infinity":14,"b:25:17:25:33:25:33:25:54":1,"s:26:8:26:Infinity":15,"s:29:6:29:Infinity":16,"s:31:6:31:Infinity":17,"s:33:6:33:Infinity":18,"s:37:2:75:Infinity":19,"f:49:12:49:23":3,"s:49:29:49:Infinity":20,"f:61:12:61:23":4,"s:61:29:61:Infinity":21,"b:65:9:65:Infinity:66:10:68:Infinity":2,"b:72:26:72:44:72:44:72:Infinity":3},"fnNames":{}}}
}
